{"/home/marcelle/repository/Projetos-TRYBE/Extras/back/psel-xp-desafio-tecnico/src/db/connection.ts": {"path":"/home/marcelle/repository/Projetos-TRYBE/Extras/back/psel-xp-desafio-tecnico/src/db/connection.ts","statementMap":{"0":{"start":{"line":1,"column":0},"end":{"line":1,"column":28}},"1":{"start":{"line":2,"column":0},"end":{"line":2,"column":35}},"2":{"start":{"line":4,"column":0},"end":{"line":4,"column":16}},"3":{"start":{"line":6,"column":0},"end":{"line":11,"column":3}}},"fnMap":{},"branchMap":{},"s":{"0":1,"1":1,"2":1,"3":1},"f":{},"b":{}}
,"/home/marcelle/repository/Projetos-TRYBE/Extras/back/psel-xp-desafio-tecnico/src/middlewares/middleError.ts": {"path":"/home/marcelle/repository/Projetos-TRYBE/Extras/back/psel-xp-desafio-tecnico/src/middlewares/middleError.ts","statementMap":{"0":{"start":{"line":4,"column":0},"end":{"line":4,"column":null}},"1":{"start":{"line":4,"column":35},"end":{"line":4,"column":40}},"2":{"start":{"line":8,"column":4},"end":{"line":8,"column":null}},"3":{"start":{"line":9,"column":4},"end":{"line":9,"column":29}},"4":{"start":{"line":11,"column":0},"end":{"line":11,"column":null}},"5":{"start":{"line":4,"column":13},"end":{"line":4,"column":26}},"6":{"start":{"line":12,"column":0},"end":{"line":16,"column":2}},"7":{"start":{"line":13,"column":34},"end":{"line":13,"column":54}},"8":{"start":{"line":13,"column":20},"end":{"line":13,"column":22}},"9":{"start":{"line":13,"column":29},"end":{"line":13,"column":34}},"10":{"start":{"line":14,"column":2},"end":{"line":14,"column":50}},"11":{"start":{"line":15,"column":2},"end":{"line":15,"column":9}}},"fnMap":{"0":{"name":"(anonymous_6)","decl":{"start":{"line":4,"column":0},"end":{"line":4,"column":13}},"loc":{"start":{"line":4,"column":0},"end":{"line":11,"column":null}}},"1":{"name":"HttpException","decl":{"start":{"line":7,"column":2},"end":{"line":7,"column":14}},"loc":{"start":{"line":7,"column":45},"end":{"line":10,"column":3}}},"2":{"name":"(anonymous_8)","decl":{"start":{"line":12,"column":15},"end":{"line":12,"column":16}},"loc":{"start":{"line":12,"column":76},"end":{"line":16,"column":1}}}},"branchMap":{"0":{"loc":{"start":{"line":8,"column":4},"end":{"line":8,"column":null}},"type":"binary-expr","locations":[{"start":{"line":8,"column":4},"end":{"line":8,"column":18}},{"start":{"line":8,"column":18},"end":{"line":8,"column":null}}]},"1":{"loc":{"start":{"line":14,"column":13},"end":{"line":14,"column":30}},"type":"binary-expr","locations":[{"start":{"line":14,"column":13},"end":{"line":14,"column":23}},{"start":{"line":14,"column":27},"end":{"line":14,"column":30}}]}},"s":{"0":1,"1":1,"2":0,"3":0,"4":1,"5":1,"6":1,"7":0,"8":0,"9":0,"10":0,"11":0},"f":{"0":1,"1":0,"2":0},"b":{"0":[0,0],"1":[0,0]}}
,"/home/marcelle/repository/Projetos-TRYBE/Extras/back/psel-xp-desafio-tecnico/src/models/contas.model.ts": {"path":"/home/marcelle/repository/Projetos-TRYBE/Extras/back/psel-xp-desafio-tecnico/src/models/contas.model.ts","statementMap":{"0":{"start":{"line":3,"column":0},"end":{"line":3,"column":59}},"1":{"start":{"line":4,"column":0},"end":{"line":4,"column":45}},"2":{"start":{"line":7,"column":0},"end":{"line":7,"column":null}},"3":{"start":{"line":12,"column":4},"end":{"line":12,"column":27}},"4":{"start":{"line":15,"column":15},"end":{"line":19,"column":null}},"5":{"start":{"line":16,"column":10},"end":{"line":16,"column":56}},"6":{"start":{"line":17,"column":23},"end":{"line":17,"column":null}},"7":{"start":{"line":17,"column":11},"end":{"line":17,"column":23}},"8":{"start":{"line":18,"column":4},"end":{"line":18,"column":33}},"9":{"start":{"line":21,"column":15},"end":{"line":28,"column":null}},"10":{"start":{"line":22,"column":10},"end":{"line":22,"column":69}},"11":{"start":{"line":23,"column":19},"end":{"line":23,"column":null}},"12":{"start":{"line":23,"column":11},"end":{"line":23,"column":19}},"13":{"start":{"line":24,"column":11},"end":{"line":24,"column":22}},"14":{"start":{"line":27,"column":4},"end":{"line":27,"column":19}},"15":{"start":{"line":30,"column":15},"end":{"line":49,"column":null}},"16":{"start":{"line":31,"column":10},"end":{"line":31,"column":58}},"17":{"start":{"line":33,"column":20},"end":{"line":33,"column":null}},"18":{"start":{"line":33,"column":10},"end":{"line":33,"column":null}},"19":{"start":{"line":34,"column":4},"end":{"line":34,"column":28}},"20":{"start":{"line":34,"column":18},"end":{"line":34,"column":28}},"21":{"start":{"line":37,"column":10},"end":{"line":37,"column":44}},"22":{"start":{"line":38,"column":4},"end":{"line":38,"column":46}},"23":{"start":{"line":38,"column":36},"end":{"line":38,"column":46}},"24":{"start":{"line":42,"column":10},"end":{"line":42,"column":74}},"25":{"start":{"line":43,"column":22},"end":{"line":43,"column":null}},"26":{"start":{"line":43,"column":11},"end":{"line":43,"column":22}},"27":{"start":{"line":45,"column":4},"end":{"line":45,"column":46}},"28":{"start":{"line":45,"column":36},"end":{"line":45,"column":46}},"29":{"start":{"line":47,"column":21},"end":{"line":47,"column":null}},"30":{"start":{"line":47,"column":10},"end":{"line":47,"column":null}},"31":{"start":{"line":48,"column":4},"end":{"line":48,"column":20}},"32":{"start":{"line":51,"column":15},"end":{"line":58,"column":null}},"33":{"start":{"line":52,"column":10},"end":{"line":52,"column":78}},"34":{"start":{"line":53,"column":12},"end":{"line":53,"column":35}},"35":{"start":{"line":54,"column":4},"end":{"line":54,"column":63}},"36":{"start":{"line":56,"column":10},"end":{"line":56,"column":41}},"37":{"start":{"line":57,"column":4},"end":{"line":57,"column":17}},"38":{"start":{"line":60,"column":15},"end":{"line":76,"column":null}},"39":{"start":{"line":61,"column":12},"end":{"line":61,"column":28}},"40":{"start":{"line":64,"column":12},"end":{"line":64,"column":73}},"41":{"start":{"line":65,"column":30},"end":{"line":65,"column":null}},"42":{"start":{"line":65,"column":13},"end":{"line":65,"column":30}},"43":{"start":{"line":66,"column":13},"end":{"line":66,"column":21}},"44":{"start":{"line":69,"column":6},"end":{"line":69,"column":30}},"45":{"start":{"line":69,"column":17},"end":{"line":69,"column":30}},"46":{"start":{"line":71,"column":12},"end":{"line":71,"column":40}},"47":{"start":{"line":72,"column":6},"end":{"line":72,"column":19}},"48":{"start":{"line":74,"column":6},"end":{"line":74,"column":61}},"49":{"start":{"line":77,"column":0},"end":{"line":77,"column":null}}},"fnMap":{"0":{"name":"(anonymous_13)","decl":{"start":{"line":7,"column":0},"end":{"line":7,"column":null}},"loc":{"start":{"line":7,"column":0},"end":{"line":77,"column":null}}},"1":{"name":"ContaModel","decl":{"start":{"line":11,"column":2},"end":{"line":11,"column":14}},"loc":{"start":{"line":11,"column":24},"end":{"line":13,"column":3}}},"2":{"name":"(anonymous_15)","decl":{"start":{"line":15,"column":2},"end":{"line":15,"column":15}},"loc":{"start":{"line":15,"column":2},"end":{"line":19,"column":null}}},"3":{"name":"(anonymous_18)","decl":{"start":{"line":21,"column":2},"end":{"line":21,"column":15}},"loc":{"start":{"line":21,"column":33},"end":{"line":28,"column":null}}},"4":{"name":"(anonymous_21)","decl":{"start":{"line":30,"column":2},"end":{"line":30,"column":15}},"loc":{"start":{"line":30,"column":76},"end":{"line":49,"column":null}}},"5":{"name":"(anonymous_24)","decl":{"start":{"line":51,"column":2},"end":{"line":51,"column":15}},"loc":{"start":{"line":51,"column":63},"end":{"line":58,"column":null}}},"6":{"name":"(anonymous_27)","decl":{"start":{"line":60,"column":2},"end":{"line":60,"column":15}},"loc":{"start":{"line":60,"column":62},"end":{"line":76,"column":null}}}},"branchMap":{"0":{"loc":{"start":{"line":34,"column":4},"end":{"line":34,"column":28}},"type":"if","locations":[{"start":{"line":34,"column":4},"end":{"line":34,"column":28}}]},"1":{"loc":{"start":{"line":38,"column":4},"end":{"line":38,"column":46}},"type":"if","locations":[{"start":{"line":38,"column":4},"end":{"line":38,"column":46}}]},"2":{"loc":{"start":{"line":38,"column":8},"end":{"line":38,"column":34}},"type":"binary-expr","locations":[{"start":{"line":38,"column":8},"end":{"line":38,"column":13}},{"start":{"line":38,"column":17},"end":{"line":38,"column":34}}]},"3":{"loc":{"start":{"line":42,"column":29},"end":{"line":42,"column":73}},"type":"cond-expr","locations":[{"start":{"line":42,"column":36},"end":{"line":42,"column":53}},{"start":{"line":42,"column":56},"end":{"line":42,"column":73}}]},"4":{"loc":{"start":{"line":45,"column":4},"end":{"line":45,"column":46}},"type":"if","locations":[{"start":{"line":45,"column":4},"end":{"line":45,"column":46}}]},"5":{"loc":{"start":{"line":69,"column":6},"end":{"line":69,"column":30}},"type":"if","locations":[{"start":{"line":69,"column":6},"end":{"line":69,"column":30}}]}},"s":{"0":1,"1":1,"2":1,"3":1,"4":1,"5":0,"6":0,"7":0,"8":0,"9":1,"10":1,"11":1,"12":0,"13":0,"14":0,"15":1,"16":0,"17":0,"18":0,"19":0,"20":0,"21":0,"22":0,"23":0,"24":0,"25":0,"26":0,"27":0,"28":0,"29":0,"30":0,"31":0,"32":1,"33":0,"34":0,"35":0,"36":0,"37":0,"38":1,"39":0,"40":0,"41":0,"42":0,"43":0,"44":0,"45":0,"46":0,"47":0,"48":0,"49":1},"f":{"0":1,"1":1,"2":0,"3":1,"4":0,"5":0,"6":0},"b":{"0":[0],"1":[0],"2":[0,0],"3":[0,0],"4":[0],"5":[0]}}
,"/home/marcelle/repository/Projetos-TRYBE/Extras/back/psel-xp-desafio-tecnico/src/utils/jwt.ts": {"path":"/home/marcelle/repository/Projetos-TRYBE/Extras/back/psel-xp-desafio-tecnico/src/utils/jwt.ts","statementMap":{"0":{"start":{"line":1,"column":0},"end":{"line":1,"column":28}},"1":{"start":{"line":2,"column":0},"end":{"line":2,"column":null}},"2":{"start":{"line":7,"column":0},"end":{"line":7,"column":16}},"3":{"start":{"line":8,"column":23},"end":{"line":8,"column":35}},"4":{"start":{"line":11,"column":31},"end":{"line":14,"column":2}},"5":{"start":{"line":16,"column":22},"end":{"line":16,"column":69}},"6":{"start":{"line":16,"column":65},"end":{"line":16,"column":107}},"7":{"start":{"line":23,"column":9},"end":{"line":23,"column":22}},"8":{"start":{"line":18,"column":26},"end":{"line":21,"column":2}},"9":{"start":{"line":18,"column":46},"end":{"line":21,"column":2}},"10":{"start":{"line":19,"column":19},"end":{"line":19,"column":null}},"11":{"start":{"line":19,"column":8},"end":{"line":19,"column":null}},"12":{"start":{"line":20,"column":2},"end":{"line":20,"column":18}},"13":{"start":{"line":23,"column":24},"end":{"line":23,"column":41}}},"fnMap":{"0":{"name":"(anonymous_14)","decl":{"start":{"line":16,"column":22},"end":{"line":16,"column":23}},"loc":{"start":{"line":16,"column":60},"end":{"line":16,"column":69}}},"1":{"name":"(anonymous_15)","decl":{"start":{"line":18,"column":26},"end":{"line":18,"column":33}},"loc":{"start":{"line":18,"column":46},"end":{"line":21,"column":2}}},"2":{"name":"(anonymous_16)","decl":{"start":{"line":18,"column":46},"end":{"line":18,"column":null}},"loc":{"start":{"line":18,"column":46},"end":{"line":21,"column":2}}}},"branchMap":{"0":{"loc":{"start":{"line":19,"column":19},"end":{"line":19,"column":null}},"type":"switch","locations":[{"start":{"line":19,"column":19},"end":{"line":19,"column":null}}]}},"s":{"0":1,"1":1,"2":1,"3":1,"4":1,"5":1,"6":0,"7":1,"8":1,"9":0,"10":0,"11":0,"12":0,"13":1},"f":{"0":0,"1":0,"2":0},"b":{"0":[0]}}
}
