TN:
SF:public/controllers/ativos.controller.js
FN:2,(anonymous_0)
FN:3,adopt
FN:3,(anonymous_2)
FN:4,(anonymous_3)
FN:5,fulfilled
FN:6,rejected
FN:7,step
FN:11,(anonymous_7)
FN:12,(anonymous_8)
FN:13,(anonymous_9)
FN:14,verb
FN:14,(anonymous_11)
FN:15,step
FN:38,(anonymous_13)
FN:44,(anonymous_14)
FN:44,(anonymous_15)
FN:46,(anonymous_16)
FN:55,(anonymous_17)
FN:55,(anonymous_18)
FN:57,(anonymous_19)
FN:74,(anonymous_20)
FN:74,(anonymous_21)
FN:76,(anonymous_22)
FNF:23
FNH:20
FNDA:5,(anonymous_0)
FNDA:5,adopt
FNDA:0,(anonymous_2)
FNDA:5,(anonymous_3)
FNDA:0,fulfilled
FNDA:5,rejected
FNDA:5,step
FNDA:5,(anonymous_7)
FNDA:5,(anonymous_8)
FNDA:0,(anonymous_9)
FNDA:15,verb
FNDA:10,(anonymous_11)
FNDA:10,step
FNDA:1,(anonymous_13)
FNDA:1,(anonymous_14)
FNDA:1,(anonymous_15)
FNDA:2,(anonymous_16)
FNDA:2,(anonymous_17)
FNDA:2,(anonymous_18)
FNDA:4,(anonymous_19)
FNDA:2,(anonymous_20)
FNDA:2,(anonymous_21)
FNDA:4,(anonymous_22)
DA:2,1
DA:3,5
DA:4,5
DA:5,0
DA:6,5
DA:7,5
DA:8,5
DA:11,1
DA:12,5
DA:13,5
DA:14,15
DA:16,10
DA:17,20
DA:18,20
DA:19,20
DA:20,20
DA:21,10
DA:22,5
DA:23,0
DA:24,0
DA:26,5
DA:27,0
DA:28,0
DA:29,0
DA:30,0
DA:31,0
DA:33,10
DA:34,20
DA:35,5
DA:38,1
DA:39,1
DA:41,1
DA:42,1
DA:43,1
DA:44,1
DA:46,1
DA:47,2
DA:48,1
DA:50,1
DA:51,0
DA:55,2
DA:57,2
DA:58,4
DA:60,2
DA:61,2
DA:63,2
DA:64,0
DA:65,0
DA:70,0
DA:74,2
DA:76,2
DA:77,4
DA:79,2
DA:80,2
DA:82,2
DA:83,0
DA:84,0
DA:89,0
DA:93,1
LF:59
LH:44
BRDA:2,0,0,1
BRDA:2,0,1,1
BRDA:2,0,2,1
BRDA:3,1,0,5
BRDA:3,1,1,0
BRDA:4,2,0,5
BRDA:4,2,1,5
BRDA:7,3,0,0
BRDA:7,3,1,5
BRDA:8,4,0,5
BRDA:8,4,1,5
BRDA:11,5,0,1
BRDA:11,5,1,1
BRDA:11,5,2,1
BRDA:12,6,0,5
BRDA:12,6,1,0
BRDA:13,7,0,5
BRDA:13,7,1,5
BRDA:16,8,0,0
BRDA:16,8,1,10
BRDA:18,9,0,0
BRDA:18,9,1,20
BRDA:18,10,0,20
BRDA:18,10,1,0
BRDA:18,10,2,0
BRDA:18,11,0,0
BRDA:18,11,1,0
BRDA:18,12,0,0
BRDA:18,12,1,0
BRDA:18,13,0,0
BRDA:18,13,1,0
BRDA:18,14,0,0
BRDA:18,14,1,0
BRDA:19,15,0,0
BRDA:19,15,1,20
BRDA:20,16,0,5
BRDA:20,16,1,10
BRDA:20,16,2,5
BRDA:20,16,3,0
BRDA:20,16,4,0
BRDA:20,16,5,5
BRDA:26,17,0,5
BRDA:26,17,1,0
BRDA:26,18,0,5
BRDA:26,18,1,5
BRDA:26,18,2,0
BRDA:26,19,0,5
BRDA:26,19,1,0
BRDA:27,20,0,0
BRDA:27,20,1,0
BRDA:27,21,0,0
BRDA:27,21,1,0
BRDA:27,21,2,0
BRDA:27,21,3,0
BRDA:28,22,0,0
BRDA:28,22,1,0
BRDA:28,23,0,0
BRDA:28,23,1,0
BRDA:29,24,0,0
BRDA:29,24,1,0
BRDA:29,25,0,0
BRDA:29,25,1,0
BRDA:30,26,0,0
BRDA:30,26,1,0
BRDA:35,27,0,5
BRDA:35,27,1,0
BRDA:35,28,0,0
BRDA:35,28,1,0
BRDA:38,29,0,1
BRDA:38,29,1,1
BRDA:38,29,2,1
BRDA:39,30,0,1
BRDA:39,30,1,0
BRDA:39,31,0,1
BRDA:39,31,1,1
BRDA:47,32,0,1
BRDA:47,32,1,1
BRDA:58,33,0,2
BRDA:58,33,1,2
BRDA:64,34,0,0
BRDA:64,34,1,0
BRDA:77,35,0,2
BRDA:77,35,1,2
BRDA:83,36,0,0
BRDA:83,36,1,0
BRF:85
BRH:40
end_of_record
TN:
SF:public/controllers/contas.controller.js
FN:2,(anonymous_0)
FN:3,adopt
FN:3,(anonymous_2)
FN:4,(anonymous_3)
FN:5,fulfilled
FN:6,rejected
FN:7,step
FN:11,(anonymous_7)
FN:12,(anonymous_8)
FN:13,(anonymous_9)
FN:14,verb
FN:14,(anonymous_11)
FN:15,step
FN:38,(anonymous_13)
FN:59,(anonymous_14)
FN:59,(anonymous_15)
FN:61,(anonymous_16)
FN:70,(anonymous_17)
FN:70,(anonymous_18)
FN:72,(anonymous_19)
FN:89,(anonymous_20)
FN:89,(anonymous_21)
FN:91,(anonymous_22)
FN:110,(anonymous_23)
FN:110,(anonymous_24)
FN:112,(anonymous_25)
FN:127,(anonymous_26)
FN:127,(anonymous_27)
FN:129,(anonymous_28)
FNF:29
FNH:26
FNDA:9,(anonymous_0)
FNDA:9,adopt
FNDA:0,(anonymous_2)
FNDA:9,(anonymous_3)
FNDA:0,fulfilled
FNDA:9,rejected
FNDA:9,step
FNDA:9,(anonymous_7)
FNDA:9,(anonymous_8)
FNDA:0,(anonymous_9)
FNDA:27,verb
FNDA:18,(anonymous_11)
FNDA:18,step
FNDA:1,(anonymous_13)
FNDA:1,(anonymous_14)
FNDA:1,(anonymous_15)
FNDA:2,(anonymous_16)
FNDA:2,(anonymous_17)
FNDA:2,(anonymous_18)
FNDA:4,(anonymous_19)
FNDA:3,(anonymous_20)
FNDA:3,(anonymous_21)
FNDA:6,(anonymous_22)
FNDA:1,(anonymous_23)
FNDA:1,(anonymous_24)
FNDA:2,(anonymous_25)
FNDA:2,(anonymous_26)
FNDA:2,(anonymous_27)
FNDA:4,(anonymous_28)
DA:2,1
DA:3,9
DA:4,9
DA:5,0
DA:6,9
DA:7,9
DA:8,9
DA:11,1
DA:12,9
DA:13,9
DA:14,27
DA:16,18
DA:17,36
DA:18,36
DA:19,36
DA:20,36
DA:21,18
DA:22,9
DA:23,0
DA:24,0
DA:26,9
DA:27,0
DA:28,0
DA:29,0
DA:30,0
DA:31,0
DA:33,18
DA:34,36
DA:35,9
DA:38,1
DA:39,1
DA:41,1
DA:42,1
DA:59,1
DA:61,1
DA:62,2
DA:63,1
DA:65,1
DA:66,0
DA:70,2
DA:72,2
DA:73,4
DA:75,2
DA:76,2
DA:78,2
DA:79,0
DA:80,0
DA:85,0
DA:89,3
DA:91,3
DA:92,6
DA:94,3
DA:95,3
DA:96,3
DA:99,3
DA:100,0
DA:101,0
DA:106,0
DA:110,1
DA:112,1
DA:113,2
DA:114,1
DA:116,1
DA:117,0
DA:118,0
DA:123,0
DA:127,2
DA:129,2
DA:130,4
DA:131,2
DA:133,2
DA:134,0
DA:135,0
DA:140,0
DA:144,1
LF:75
LH:54
BRDA:2,0,0,1
BRDA:2,0,1,1
BRDA:2,0,2,1
BRDA:3,1,0,9
BRDA:3,1,1,0
BRDA:4,2,0,9
BRDA:4,2,1,9
BRDA:7,3,0,0
BRDA:7,3,1,9
BRDA:8,4,0,9
BRDA:8,4,1,9
BRDA:11,5,0,1
BRDA:11,5,1,1
BRDA:11,5,2,1
BRDA:12,6,0,9
BRDA:12,6,1,0
BRDA:13,7,0,9
BRDA:13,7,1,9
BRDA:16,8,0,0
BRDA:16,8,1,18
BRDA:18,9,0,0
BRDA:18,9,1,36
BRDA:18,10,0,36
BRDA:18,10,1,0
BRDA:18,10,2,0
BRDA:18,11,0,0
BRDA:18,11,1,0
BRDA:18,12,0,0
BRDA:18,12,1,0
BRDA:18,13,0,0
BRDA:18,13,1,0
BRDA:18,14,0,0
BRDA:18,14,1,0
BRDA:19,15,0,0
BRDA:19,15,1,36
BRDA:20,16,0,9
BRDA:20,16,1,18
BRDA:20,16,2,9
BRDA:20,16,3,0
BRDA:20,16,4,0
BRDA:20,16,5,9
BRDA:26,17,0,9
BRDA:26,17,1,0
BRDA:26,18,0,9
BRDA:26,18,1,9
BRDA:26,18,2,0
BRDA:26,19,0,9
BRDA:26,19,1,0
BRDA:27,20,0,0
BRDA:27,20,1,0
BRDA:27,21,0,0
BRDA:27,21,1,0
BRDA:27,21,2,0
BRDA:27,21,3,0
BRDA:28,22,0,0
BRDA:28,22,1,0
BRDA:28,23,0,0
BRDA:28,23,1,0
BRDA:29,24,0,0
BRDA:29,24,1,0
BRDA:29,25,0,0
BRDA:29,25,1,0
BRDA:30,26,0,0
BRDA:30,26,1,0
BRDA:35,27,0,9
BRDA:35,27,1,0
BRDA:35,28,0,0
BRDA:35,28,1,0
BRDA:38,29,0,1
BRDA:38,29,1,1
BRDA:38,29,2,1
BRDA:39,30,0,1
BRDA:39,30,1,0
BRDA:39,31,0,1
BRDA:39,31,1,1
BRDA:62,32,0,1
BRDA:62,32,1,1
BRDA:73,33,0,2
BRDA:73,33,1,2
BRDA:79,34,0,0
BRDA:79,34,1,0
BRDA:92,35,0,3
BRDA:92,35,1,3
BRDA:94,36,0,0
BRDA:94,36,1,3
BRDA:100,37,0,0
BRDA:100,37,1,0
BRDA:113,38,0,1
BRDA:113,38,1,1
BRDA:117,39,0,0
BRDA:117,39,1,0
BRDA:130,40,0,2
BRDA:130,40,1,2
BRDA:134,41,0,0
BRDA:134,41,1,0
BRF:95
BRH:45
end_of_record
TN:
SF:public/db/connection.js
FN:2,(anonymous_0)
FNF:1
FNH:1
FNDA:12,(anonymous_0)
DA:2,6
DA:3,12
DA:5,6
DA:6,6
DA:7,6
DA:8,6
DA:9,6
DA:11,6
DA:12,6
DA:21,0
DA:29,6
LF:11
LH:10
BRDA:2,0,0,6
BRDA:2,0,1,6
BRDA:2,0,2,6
BRDA:3,1,0,0
BRDA:3,1,1,12
BRDA:3,2,0,12
BRDA:3,2,1,12
BRDA:11,3,0,6
BRDA:11,3,1,0
BRF:9
BRH:7
end_of_record
TN:
SF:public/middlewares/middleError.js
FN:2,(anonymous_0)
FN:3,(anonymous_1)
FN:5,(anonymous_2)
FN:6,(anonymous_3)
FN:9,(anonymous_4)
FN:13,__
FN:20,(anonymous_6)
FN:22,HttpException
FN:30,(anonymous_8)
FNF:9
FNH:6
FNDA:6,(anonymous_0)
FNDA:6,(anonymous_1)
FNDA:0,(anonymous_2)
FNDA:0,(anonymous_3)
FNDA:6,(anonymous_4)
FNDA:6,__
FNDA:6,(anonymous_6)
FNDA:11,HttpException
FNDA:0,(anonymous_8)
DA:2,6
DA:3,6
DA:4,6
DA:5,0
DA:6,0
DA:7,6
DA:9,6
DA:10,6
DA:11,0
DA:12,6
DA:13,6
DA:14,6
DA:17,6
DA:18,6
DA:20,6
DA:21,6
DA:23,11
DA:24,11
DA:25,11
DA:27,6
DA:29,6
DA:30,6
DA:31,0
DA:32,0
DA:33,0
LF:25
LH:19
BRDA:2,0,0,6
BRDA:2,0,1,6
BRDA:2,0,2,6
BRDA:4,1,0,6
BRDA:4,1,1,0
BRDA:4,1,2,0
BRDA:4,1,3,0
BRDA:6,2,0,0
BRDA:6,2,1,0
BRDA:10,3,0,0
BRDA:10,3,1,6
BRDA:10,4,0,6
BRDA:10,4,1,0
BRDA:14,5,0,0
BRDA:14,5,1,6
BRDA:23,6,0,11
BRDA:23,6,1,0
BRDA:32,7,0,0
BRDA:32,7,1,0
BRF:19
BRH:8
end_of_record
TN:
SF:public/models/ativos.model.js
FN:2,(anonymous_0)
FN:3,adopt
FN:3,(anonymous_2)
FN:4,(anonymous_3)
FN:5,fulfilled
FN:6,rejected
FN:7,step
FN:11,(anonymous_7)
FN:12,(anonymous_8)
FN:13,(anonymous_9)
FN:14,verb
FN:14,(anonymous_11)
FN:15,step
FN:40,(anonymous_13)
FN:41,AtivosModel
FN:44,(anonymous_15)
FN:45,(anonymous_16)
FN:47,(anonymous_17)
FN:59,(anonymous_18)
FN:60,(anonymous_19)
FN:62,(anonymous_20)
FN:77,(anonymous_21)
FN:78,(anonymous_22)
FN:80,(anonymous_23)
FN:87,(anonymous_24)
FN:101,(anonymous_25)
FN:102,(anonymous_26)
FN:104,(anonymous_27)
FNF:28
FNH:24
FNDA:19,(anonymous_0)
FNDA:19,adopt
FNDA:0,(anonymous_2)
FNDA:19,(anonymous_3)
FNDA:0,fulfilled
FNDA:19,rejected
FNDA:19,step
FNDA:19,(anonymous_7)
FNDA:19,(anonymous_8)
FNDA:0,(anonymous_9)
FNDA:57,verb
FNDA:38,(anonymous_11)
FNDA:38,step
FNDA:3,(anonymous_13)
FNDA:3,AtivosModel
FNDA:3,(anonymous_15)
FNDA:3,(anonymous_16)
FNDA:6,(anonymous_17)
FNDA:9,(anonymous_18)
FNDA:9,(anonymous_19)
FNDA:18,(anonymous_20)
FNDA:6,(anonymous_21)
FNDA:6,(anonymous_22)
FNDA:12,(anonymous_23)
FNDA:0,(anonymous_24)
FNDA:1,(anonymous_25)
FNDA:1,(anonymous_26)
FNDA:2,(anonymous_27)
DA:2,3
DA:3,19
DA:4,19
DA:5,0
DA:6,19
DA:7,19
DA:8,19
DA:11,3
DA:12,19
DA:13,19
DA:14,57
DA:16,38
DA:17,76
DA:18,76
DA:19,76
DA:20,76
DA:21,38
DA:22,19
DA:23,0
DA:24,0
DA:26,19
DA:27,0
DA:28,0
DA:29,0
DA:30,0
DA:31,0
DA:33,38
DA:34,76
DA:35,19
DA:38,3
DA:39,3
DA:40,3
DA:42,3
DA:44,3
DA:45,3
DA:47,3
DA:48,6
DA:50,3
DA:51,3
DA:53,3
DA:54,0
DA:59,3
DA:60,9
DA:62,9
DA:63,18
DA:65,9
DA:66,9
DA:68,9
DA:69,0
DA:70,0
DA:71,0
DA:72,0
DA:77,3
DA:78,6
DA:80,6
DA:81,12
DA:83,6
DA:84,6
DA:86,6
DA:87,0
DA:88,0
DA:89,0
DA:96,0
DA:101,3
DA:102,1
DA:104,1
DA:105,2
DA:107,1
DA:108,1
DA:110,1
DA:111,0
DA:112,0
DA:113,0
DA:114,0
DA:117,0
DA:118,0
DA:119,0
DA:120,0
DA:122,0
DA:123,0
DA:128,3
DA:130,3
LF:82
LH:55
BRDA:2,0,0,3
BRDA:2,0,1,3
BRDA:2,0,2,3
BRDA:3,1,0,19
BRDA:3,1,1,0
BRDA:4,2,0,19
BRDA:4,2,1,19
BRDA:7,3,0,0
BRDA:7,3,1,19
BRDA:8,4,0,19
BRDA:8,4,1,19
BRDA:11,5,0,3
BRDA:11,5,1,3
BRDA:11,5,2,3
BRDA:12,6,0,19
BRDA:12,6,1,0
BRDA:13,7,0,19
BRDA:13,7,1,19
BRDA:16,8,0,0
BRDA:16,8,1,38
BRDA:18,9,0,0
BRDA:18,9,1,76
BRDA:18,10,0,76
BRDA:18,10,1,0
BRDA:18,10,2,0
BRDA:18,11,0,0
BRDA:18,11,1,0
BRDA:18,12,0,0
BRDA:18,12,1,0
BRDA:18,13,0,0
BRDA:18,13,1,0
BRDA:18,14,0,0
BRDA:18,14,1,0
BRDA:19,15,0,0
BRDA:19,15,1,76
BRDA:20,16,0,19
BRDA:20,16,1,38
BRDA:20,16,2,19
BRDA:20,16,3,0
BRDA:20,16,4,0
BRDA:20,16,5,19
BRDA:26,17,0,19
BRDA:26,17,1,0
BRDA:26,18,0,19
BRDA:26,18,1,19
BRDA:26,18,2,0
BRDA:26,19,0,19
BRDA:26,19,1,0
BRDA:27,20,0,0
BRDA:27,20,1,0
BRDA:27,21,0,0
BRDA:27,21,1,0
BRDA:27,21,2,0
BRDA:27,21,3,0
BRDA:28,22,0,0
BRDA:28,22,1,0
BRDA:28,23,0,0
BRDA:28,23,1,0
BRDA:29,24,0,0
BRDA:29,24,1,0
BRDA:29,25,0,0
BRDA:29,25,1,0
BRDA:30,26,0,0
BRDA:30,26,1,0
BRDA:35,27,0,19
BRDA:35,27,1,0
BRDA:35,28,0,0
BRDA:35,28,1,0
BRDA:48,29,0,3
BRDA:48,29,1,3
BRDA:63,30,0,9
BRDA:63,30,1,9
BRDA:70,31,0,0
BRDA:70,31,1,0
BRDA:81,32,0,6
BRDA:81,32,1,6
BRDA:105,33,0,1
BRDA:105,33,1,1
BRDA:105,33,2,0
BRDA:105,33,3,0
BRDA:112,34,0,0
BRDA:112,34,1,0
BRDA:115,35,0,0
BRDA:115,35,1,0
BRDA:118,36,0,0
BRDA:118,36,1,0
BRF:86
BRH:36
end_of_record
TN:
SF:public/models/contas.model.js
FN:2,(anonymous_0)
FN:3,adopt
FN:3,(anonymous_2)
FN:4,(anonymous_3)
FN:5,fulfilled
FN:6,rejected
FN:7,step
FN:11,(anonymous_7)
FN:12,(anonymous_8)
FN:13,(anonymous_9)
FN:14,verb
FN:14,(anonymous_11)
FN:15,step
FN:42,(anonymous_13)
FN:43,ContaModel
FN:46,(anonymous_15)
FN:47,(anonymous_16)
FN:49,(anonymous_17)
FN:61,(anonymous_18)
FN:62,(anonymous_19)
FN:64,(anonymous_20)
FN:81,(anonymous_21)
FN:82,(anonymous_22)
FN:84,(anonymous_23)
FN:110,(anonymous_24)
FN:111,(anonymous_25)
FN:113,(anonymous_26)
FN:127,(anonymous_27)
FN:128,(anonymous_28)
FN:130,(anonymous_29)
FNF:30
FNH:27
FNDA:38,(anonymous_0)
FNDA:38,adopt
FNDA:0,(anonymous_2)
FNDA:38,(anonymous_3)
FNDA:0,fulfilled
FNDA:38,rejected
FNDA:38,step
FNDA:38,(anonymous_7)
FNDA:38,(anonymous_8)
FNDA:0,(anonymous_9)
FNDA:114,verb
FNDA:76,(anonymous_11)
FNDA:76,step
FNDA:3,(anonymous_13)
FNDA:3,ContaModel
FNDA:3,(anonymous_15)
FNDA:3,(anonymous_16)
FNDA:6,(anonymous_17)
FNDA:17,(anonymous_18)
FNDA:17,(anonymous_19)
FNDA:34,(anonymous_20)
FNDA:9,(anonymous_21)
FNDA:9,(anonymous_22)
FNDA:18,(anonymous_23)
FNDA:3,(anonymous_24)
FNDA:3,(anonymous_25)
FNDA:6,(anonymous_26)
FNDA:6,(anonymous_27)
FNDA:6,(anonymous_28)
FNDA:12,(anonymous_29)
DA:2,3
DA:3,38
DA:4,38
DA:5,0
DA:6,38
DA:7,38
DA:8,38
DA:11,3
DA:12,38
DA:13,38
DA:14,114
DA:16,76
DA:17,152
DA:18,152
DA:19,152
DA:20,152
DA:21,76
DA:22,38
DA:23,0
DA:24,0
DA:26,38
DA:27,0
DA:28,0
DA:29,0
DA:30,0
DA:31,0
DA:33,76
DA:34,152
DA:35,38
DA:38,3
DA:39,3
DA:40,3
DA:42,3
DA:44,3
DA:46,3
DA:47,3
DA:49,3
DA:50,6
DA:52,3
DA:53,3
DA:55,3
DA:56,0
DA:61,3
DA:62,17
DA:64,17
DA:65,34
DA:67,17
DA:68,17
DA:70,17
DA:71,0
DA:72,0
DA:73,0
DA:76,0
DA:81,3
DA:82,9
DA:84,9
DA:85,18
DA:87,9
DA:88,9
DA:90,9
DA:91,0
DA:92,0
DA:93,0
DA:94,0
DA:95,0
DA:96,0
DA:97,0
DA:99,0
DA:100,0
DA:101,0
DA:102,0
DA:104,0
DA:105,0
DA:110,3
DA:111,3
DA:113,3
DA:114,6
DA:116,3
DA:117,3
DA:118,3
DA:120,3
DA:121,0
DA:122,0
DA:127,3
DA:128,6
DA:130,6
DA:131,12
DA:133,6
DA:134,6
DA:135,6
DA:137,6
DA:138,0
DA:140,0
DA:141,0
DA:142,0
DA:143,0
DA:148,3
DA:150,3
LF:98
LH:65
BRDA:2,0,0,3
BRDA:2,0,1,3
BRDA:2,0,2,3
BRDA:3,1,0,38
BRDA:3,1,1,0
BRDA:4,2,0,38
BRDA:4,2,1,38
BRDA:7,3,0,0
BRDA:7,3,1,38
BRDA:8,4,0,38
BRDA:8,4,1,38
BRDA:11,5,0,3
BRDA:11,5,1,3
BRDA:11,5,2,3
BRDA:12,6,0,38
BRDA:12,6,1,0
BRDA:13,7,0,38
BRDA:13,7,1,38
BRDA:16,8,0,0
BRDA:16,8,1,76
BRDA:18,9,0,0
BRDA:18,9,1,152
BRDA:18,10,0,152
BRDA:18,10,1,0
BRDA:18,10,2,0
BRDA:18,11,0,0
BRDA:18,11,1,0
BRDA:18,12,0,0
BRDA:18,12,1,0
BRDA:18,13,0,0
BRDA:18,13,1,0
BRDA:18,14,0,0
BRDA:18,14,1,0
BRDA:19,15,0,0
BRDA:19,15,1,152
BRDA:20,16,0,38
BRDA:20,16,1,76
BRDA:20,16,2,38
BRDA:20,16,3,0
BRDA:20,16,4,0
BRDA:20,16,5,38
BRDA:26,17,0,38
BRDA:26,17,1,0
BRDA:26,18,0,38
BRDA:26,18,1,38
BRDA:26,18,2,0
BRDA:26,19,0,38
BRDA:26,19,1,0
BRDA:27,20,0,0
BRDA:27,20,1,0
BRDA:27,21,0,0
BRDA:27,21,1,0
BRDA:27,21,2,0
BRDA:27,21,3,0
BRDA:28,22,0,0
BRDA:28,22,1,0
BRDA:28,23,0,0
BRDA:28,23,1,0
BRDA:29,24,0,0
BRDA:29,24,1,0
BRDA:29,25,0,0
BRDA:29,25,1,0
BRDA:30,26,0,0
BRDA:30,26,1,0
BRDA:35,27,0,38
BRDA:35,27,1,0
BRDA:35,28,0,0
BRDA:35,28,1,0
BRDA:50,29,0,3
BRDA:50,29,1,3
BRDA:65,30,0,17
BRDA:65,30,1,17
BRDA:72,31,0,0
BRDA:72,31,1,0
BRDA:85,32,0,9
BRDA:85,32,1,9
BRDA:85,32,2,0
BRDA:85,32,3,0
BRDA:91,33,0,0
BRDA:91,33,1,0
BRDA:94,34,0,0
BRDA:94,34,1,0
BRDA:94,35,0,0
BRDA:94,35,1,0
BRDA:96,36,0,0
BRDA:96,36,1,0
BRDA:100,37,0,0
BRDA:100,37,1,0
BRDA:114,38,0,3
BRDA:114,38,1,3
BRDA:131,39,0,6
BRDA:131,39,1,6
BRDA:140,40,0,0
BRDA:140,40,1,0
BRF:94
BRH:38
end_of_record
TN:
SF:public/services/ativos.service.js
FN:2,(anonymous_0)
FN:3,adopt
FN:3,(anonymous_2)
FN:4,(anonymous_3)
FN:5,fulfilled
FN:6,rejected
FN:7,step
FN:11,(anonymous_7)
FN:12,(anonymous_8)
FN:13,(anonymous_9)
FN:14,verb
FN:14,(anonymous_11)
FN:15,step
FN:38,(anonymous_13)
FN:44,(anonymous_14)
FN:45,AtivosService
FN:49,(anonymous_16)
FN:50,(anonymous_17)
FN:52,(anonymous_18)
FN:67,(anonymous_19)
FN:68,(anonymous_20)
FN:70,(anonymous_21)
FN:85,(anonymous_22)
FN:86,(anonymous_23)
FN:88,(anonymous_24)
FNF:25
FNH:22
FNDA:10,(anonymous_0)
FNDA:10,adopt
FNDA:0,(anonymous_2)
FNDA:10,(anonymous_3)
FNDA:0,fulfilled
FNDA:10,rejected
FNDA:10,step
FNDA:10,(anonymous_7)
FNDA:10,(anonymous_8)
FNDA:0,(anonymous_9)
FNDA:30,verb
FNDA:20,(anonymous_11)
FNDA:20,step
FNDA:4,(anonymous_13)
FNDA:2,(anonymous_14)
FNDA:2,AtivosService
FNDA:2,(anonymous_16)
FNDA:2,(anonymous_17)
FNDA:4,(anonymous_18)
FNDA:4,(anonymous_19)
FNDA:4,(anonymous_20)
FNDA:8,(anonymous_21)
FNDA:4,(anonymous_22)
FNDA:4,(anonymous_23)
FNDA:8,(anonymous_24)
DA:2,2
DA:3,10
DA:4,10
DA:5,0
DA:6,10
DA:7,10
DA:8,10
DA:11,2
DA:12,10
DA:13,10
DA:14,30
DA:16,20
DA:17,40
DA:18,40
DA:19,40
DA:20,40
DA:21,20
DA:22,10
DA:23,0
DA:24,0
DA:26,10
DA:27,0
DA:28,0
DA:29,0
DA:30,0
DA:31,0
DA:33,20
DA:34,40
DA:35,10
DA:38,2
DA:39,4
DA:41,2
DA:42,2
DA:43,2
DA:44,2
DA:46,2
DA:47,2
DA:49,2
DA:50,2
DA:52,2
DA:53,4
DA:54,2
DA:56,2
DA:57,0
DA:58,0
DA:59,0
DA:67,2
DA:68,4
DA:70,4
DA:71,8
DA:72,4
DA:74,4
DA:75,0
DA:76,0
DA:77,0
DA:85,2
DA:86,4
DA:88,4
DA:89,8
DA:90,4
DA:92,4
DA:94,0
DA:95,0
DA:96,0
DA:104,2
DA:106,2
LF:66
LH:49
BRDA:2,0,0,2
BRDA:2,0,1,2
BRDA:2,0,2,2
BRDA:3,1,0,10
BRDA:3,1,1,0
BRDA:4,2,0,10
BRDA:4,2,1,10
BRDA:7,3,0,0
BRDA:7,3,1,10
BRDA:8,4,0,10
BRDA:8,4,1,10
BRDA:11,5,0,2
BRDA:11,5,1,2
BRDA:11,5,2,2
BRDA:12,6,0,10
BRDA:12,6,1,0
BRDA:13,7,0,10
BRDA:13,7,1,10
BRDA:16,8,0,0
BRDA:16,8,1,20
BRDA:18,9,0,0
BRDA:18,9,1,40
BRDA:18,10,0,40
BRDA:18,10,1,0
BRDA:18,10,2,0
BRDA:18,11,0,0
BRDA:18,11,1,0
BRDA:18,12,0,0
BRDA:18,12,1,0
BRDA:18,13,0,0
BRDA:18,13,1,0
BRDA:18,14,0,0
BRDA:18,14,1,0
BRDA:19,15,0,0
BRDA:19,15,1,40
BRDA:20,16,0,10
BRDA:20,16,1,20
BRDA:20,16,2,10
BRDA:20,16,3,0
BRDA:20,16,4,0
BRDA:20,16,5,10
BRDA:26,17,0,10
BRDA:26,17,1,0
BRDA:26,18,0,10
BRDA:26,18,1,10
BRDA:26,18,2,0
BRDA:26,19,0,10
BRDA:26,19,1,0
BRDA:27,20,0,0
BRDA:27,20,1,0
BRDA:27,21,0,0
BRDA:27,21,1,0
BRDA:27,21,2,0
BRDA:27,21,3,0
BRDA:28,22,0,0
BRDA:28,22,1,0
BRDA:28,23,0,0
BRDA:28,23,1,0
BRDA:29,24,0,0
BRDA:29,24,1,0
BRDA:29,25,0,0
BRDA:29,25,1,0
BRDA:30,26,0,0
BRDA:30,26,1,0
BRDA:35,27,0,10
BRDA:35,27,1,0
BRDA:35,28,0,0
BRDA:35,28,1,0
BRDA:38,29,0,2
BRDA:38,29,1,2
BRDA:38,29,2,2
BRDA:39,30,0,4
BRDA:39,30,1,0
BRDA:39,31,0,4
BRDA:39,31,1,4
BRDA:46,32,0,2
BRDA:46,32,1,0
BRDA:53,33,0,2
BRDA:53,33,1,2
BRDA:57,34,0,0
BRDA:57,34,1,0
BRDA:71,35,0,4
BRDA:71,35,1,4
BRDA:75,36,0,0
BRDA:75,36,1,0
BRDA:89,37,0,4
BRDA:89,37,1,4
BRDA:94,38,0,0
BRDA:94,38,1,0
BRF:89
BRH:41
end_of_record
TN:
SF:public/services/contas.service.js
FN:2,(anonymous_0)
FN:3,adopt
FN:3,(anonymous_2)
FN:4,(anonymous_3)
FN:5,fulfilled
FN:6,rejected
FN:7,step
FN:11,(anonymous_7)
FN:12,(anonymous_8)
FN:13,(anonymous_9)
FN:14,verb
FN:14,(anonymous_11)
FN:15,step
FN:38,(anonymous_13)
FN:44,(anonymous_14)
FN:45,ContaService
FN:48,(anonymous_16)
FN:49,(anonymous_17)
FN:51,(anonymous_18)
FN:66,(anonymous_19)
FN:67,(anonymous_20)
FN:69,(anonymous_21)
FN:85,(anonymous_22)
FN:86,(anonymous_23)
FN:88,(anonymous_24)
FN:105,(anonymous_25)
FN:106,(anonymous_26)
FN:108,(anonymous_27)
FN:125,(anonymous_28)
FN:126,(anonymous_29)
FN:128,(anonymous_30)
FNF:31
FNH:28
FNDA:19,(anonymous_0)
FNDA:19,adopt
FNDA:0,(anonymous_2)
FNDA:19,(anonymous_3)
FNDA:0,fulfilled
FNDA:19,rejected
FNDA:19,step
FNDA:19,(anonymous_7)
FNDA:19,(anonymous_8)
FNDA:0,(anonymous_9)
FNDA:57,verb
FNDA:38,(anonymous_11)
FNDA:38,step
FNDA:4,(anonymous_13)
FNDA:2,(anonymous_14)
FNDA:2,ContaService
FNDA:2,(anonymous_16)
FNDA:2,(anonymous_17)
FNDA:4,(anonymous_18)
FNDA:4,(anonymous_19)
FNDA:4,(anonymous_20)
FNDA:8,(anonymous_21)
FNDA:7,(anonymous_22)
FNDA:7,(anonymous_23)
FNDA:14,(anonymous_24)
FNDA:2,(anonymous_25)
FNDA:2,(anonymous_26)
FNDA:4,(anonymous_27)
FNDA:4,(anonymous_28)
FNDA:4,(anonymous_29)
FNDA:8,(anonymous_30)
DA:2,2
DA:3,19
DA:4,19
DA:5,0
DA:6,19
DA:7,19
DA:8,19
DA:11,2
DA:12,19
DA:13,19
DA:14,57
DA:16,38
DA:17,76
DA:18,76
DA:19,76
DA:20,76
DA:21,38
DA:22,19
DA:23,0
DA:24,0
DA:26,19
DA:27,0
DA:28,0
DA:29,0
DA:30,0
DA:31,0
DA:33,38
DA:34,76
DA:35,19
DA:38,2
DA:39,4
DA:41,2
DA:42,2
DA:43,2
DA:44,2
DA:46,2
DA:48,2
DA:49,2
DA:51,2
DA:52,4
DA:53,2
DA:55,2
DA:56,0
DA:57,0
DA:58,0
DA:66,2
DA:67,4
DA:69,4
DA:70,8
DA:71,4
DA:73,4
DA:75,0
DA:76,0
DA:77,0
DA:85,2
DA:86,7
DA:88,7
DA:89,14
DA:90,7
DA:92,7
DA:95,0
DA:96,0
DA:97,0
DA:105,2
DA:106,2
DA:108,2
DA:109,4
DA:110,2
DA:112,2
DA:115,0
DA:116,0
DA:117,0
DA:125,2
DA:126,4
DA:128,4
DA:129,8
DA:130,4
DA:132,4
DA:133,0
DA:134,0
DA:135,0
DA:143,2
DA:145,2
LF:83
LH:60
BRDA:2,0,0,2
BRDA:2,0,1,2
BRDA:2,0,2,2
BRDA:3,1,0,19
BRDA:3,1,1,0
BRDA:4,2,0,19
BRDA:4,2,1,19
BRDA:7,3,0,0
BRDA:7,3,1,19
BRDA:8,4,0,19
BRDA:8,4,1,19
BRDA:11,5,0,2
BRDA:11,5,1,2
BRDA:11,5,2,2
BRDA:12,6,0,19
BRDA:12,6,1,0
BRDA:13,7,0,19
BRDA:13,7,1,19
BRDA:16,8,0,0
BRDA:16,8,1,38
BRDA:18,9,0,0
BRDA:18,9,1,76
BRDA:18,10,0,76
BRDA:18,10,1,0
BRDA:18,10,2,0
BRDA:18,11,0,0
BRDA:18,11,1,0
BRDA:18,12,0,0
BRDA:18,12,1,0
BRDA:18,13,0,0
BRDA:18,13,1,0
BRDA:18,14,0,0
BRDA:18,14,1,0
BRDA:19,15,0,0
BRDA:19,15,1,76
BRDA:20,16,0,19
BRDA:20,16,1,38
BRDA:20,16,2,19
BRDA:20,16,3,0
BRDA:20,16,4,0
BRDA:20,16,5,19
BRDA:26,17,0,19
BRDA:26,17,1,0
BRDA:26,18,0,19
BRDA:26,18,1,19
BRDA:26,18,2,0
BRDA:26,19,0,19
BRDA:26,19,1,0
BRDA:27,20,0,0
BRDA:27,20,1,0
BRDA:27,21,0,0
BRDA:27,21,1,0
BRDA:27,21,2,0
BRDA:27,21,3,0
BRDA:28,22,0,0
BRDA:28,22,1,0
BRDA:28,23,0,0
BRDA:28,23,1,0
BRDA:29,24,0,0
BRDA:29,24,1,0
BRDA:29,25,0,0
BRDA:29,25,1,0
BRDA:30,26,0,0
BRDA:30,26,1,0
BRDA:35,27,0,19
BRDA:35,27,1,0
BRDA:35,28,0,0
BRDA:35,28,1,0
BRDA:38,29,0,2
BRDA:38,29,1,2
BRDA:38,29,2,2
BRDA:39,30,0,4
BRDA:39,30,1,0
BRDA:39,31,0,4
BRDA:39,31,1,4
BRDA:52,32,0,2
BRDA:52,32,1,2
BRDA:56,33,0,0
BRDA:56,33,1,0
BRDA:70,34,0,4
BRDA:70,34,1,4
BRDA:75,35,0,0
BRDA:75,35,1,0
BRDA:89,36,0,7
BRDA:89,36,1,7
BRDA:95,37,0,0
BRDA:95,37,1,0
BRDA:109,38,0,2
BRDA:109,38,1,2
BRDA:115,39,0,0
BRDA:115,39,1,0
BRDA:129,40,0,4
BRDA:129,40,1,4
BRDA:133,41,0,0
BRDA:133,41,1,0
BRF:95
BRH:44
end_of_record
TN:
SF:public/tests/mocks.js
FNF:0
FNH:0
DA:2,6
DA:3,6
DA:4,6
DA:5,6
DA:6,6
DA:7,6
DA:8,6
DA:9,6
DA:10,6
DA:11,6
DA:12,6
DA:13,6
DA:14,6
DA:15,6
DA:16,6
DA:17,6
DA:18,6
DA:19,6
DA:20,6
DA:21,6
DA:22,6
DA:23,6
DA:24,6
DA:27,6
DA:28,6
DA:31,6
DA:32,6
DA:52,6
DA:53,6
DA:70,6
DA:71,6
DA:79,6
LF:32
LH:32
BRF:0
BRH:0
end_of_record
TN:
SF:public/utils/jwt.js
FN:2,(anonymous_0)
FN:3,adopt
FN:3,(anonymous_2)
FN:4,(anonymous_3)
FN:5,fulfilled
FN:6,rejected
FN:7,step
FN:11,(anonymous_7)
FN:12,(anonymous_8)
FN:13,(anonymous_9)
FN:14,verb
FN:14,(anonymous_11)
FN:15,step
FN:38,(anonymous_13)
FN:53,(anonymous_14)
FN:55,(anonymous_15)
FN:55,(anonymous_16)
FN:57,(anonymous_17)
FNF:18
FNH:1
FNDA:0,(anonymous_0)
FNDA:0,adopt
FNDA:0,(anonymous_2)
FNDA:0,(anonymous_3)
FNDA:0,fulfilled
FNDA:0,rejected
FNDA:0,step
FNDA:0,(anonymous_7)
FNDA:0,(anonymous_8)
FNDA:0,(anonymous_9)
FNDA:0,verb
FNDA:0,(anonymous_11)
FNDA:0,step
FNDA:3,(anonymous_13)
FNDA:0,(anonymous_14)
FNDA:0,(anonymous_15)
FNDA:0,(anonymous_16)
FNDA:0,(anonymous_17)
DA:2,3
DA:3,0
DA:4,0
DA:5,0
DA:6,0
DA:7,0
DA:8,0
DA:11,3
DA:12,0
DA:13,0
DA:14,0
DA:16,0
DA:17,0
DA:18,0
DA:19,0
DA:20,0
DA:21,0
DA:22,0
DA:23,0
DA:24,0
DA:26,0
DA:27,0
DA:28,0
DA:29,0
DA:30,0
DA:31,0
DA:33,0
DA:34,0
DA:35,0
DA:38,3
DA:39,3
DA:41,3
DA:42,3
DA:43,3
DA:44,3
DA:45,3
DA:46,3
DA:47,3
DA:49,3
DA:53,3
DA:54,3
DA:55,3
DA:57,0
DA:58,0
DA:59,0
DA:61,0
DA:63,0
DA:64,0
DA:65,0
DA:69,3
LF:50
LH:16
BRDA:2,0,0,3
BRDA:2,0,1,3
BRDA:2,0,2,3
BRDA:3,1,0,0
BRDA:3,1,1,0
BRDA:4,2,0,0
BRDA:4,2,1,0
BRDA:7,3,0,0
BRDA:7,3,1,0
BRDA:8,4,0,0
BRDA:8,4,1,0
BRDA:11,5,0,3
BRDA:11,5,1,3
BRDA:11,5,2,3
BRDA:12,6,0,0
BRDA:12,6,1,0
BRDA:13,7,0,0
BRDA:13,7,1,0
BRDA:16,8,0,0
BRDA:16,8,1,0
BRDA:18,9,0,0
BRDA:18,9,1,0
BRDA:18,10,0,0
BRDA:18,10,1,0
BRDA:18,10,2,0
BRDA:18,11,0,0
BRDA:18,11,1,0
BRDA:18,12,0,0
BRDA:18,12,1,0
BRDA:18,13,0,0
BRDA:18,13,1,0
BRDA:18,14,0,0
BRDA:18,14,1,0
BRDA:19,15,0,0
BRDA:19,15,1,0
BRDA:20,16,0,0
BRDA:20,16,1,0
BRDA:20,16,2,0
BRDA:20,16,3,0
BRDA:20,16,4,0
BRDA:20,16,5,0
BRDA:26,17,0,0
BRDA:26,17,1,0
BRDA:26,18,0,0
BRDA:26,18,1,0
BRDA:26,18,2,0
BRDA:26,19,0,0
BRDA:26,19,1,0
BRDA:27,20,0,0
BRDA:27,20,1,0
BRDA:27,21,0,0
BRDA:27,21,1,0
BRDA:27,21,2,0
BRDA:27,21,3,0
BRDA:28,22,0,0
BRDA:28,22,1,0
BRDA:28,23,0,0
BRDA:28,23,1,0
BRDA:29,24,0,0
BRDA:29,24,1,0
BRDA:29,25,0,0
BRDA:29,25,1,0
BRDA:30,26,0,0
BRDA:30,26,1,0
BRDA:35,27,0,0
BRDA:35,27,1,0
BRDA:35,28,0,0
BRDA:35,28,1,0
BRDA:38,29,0,3
BRDA:38,29,1,3
BRDA:38,29,2,3
BRDA:39,30,0,0
BRDA:39,30,1,3
BRDA:39,31,0,3
BRDA:39,31,1,3
BRDA:58,32,0,0
BRDA:58,32,1,0
BRDA:63,33,0,0
BRDA:63,33,1,0
BRF:79
BRH:12
end_of_record
