TN:
SF:src/db/connection.ts
FNF:0
FNH:0
DA:1,1
DA:2,1
DA:4,1
DA:6,1
LF:4
LH:4
BRF:0
BRH:0
end_of_record
TN:
SF:src/middlewares/middleError.ts
FN:4,(anonymous_6)
FN:7,HttpException
FN:12,(anonymous_8)
FNF:3
FNH:1
FNDA:1,(anonymous_6)
FNDA:0,HttpException
FNDA:0,(anonymous_8)
DA:4,1
DA:8,0
DA:9,0
DA:11,1
DA:12,1
DA:13,0
DA:14,0
DA:15,0
LF:8
LH:3
BRDA:8,0,0,0
BRDA:8,0,1,0
BRDA:14,1,0,0
BRDA:14,1,1,0
BRF:4
BRH:0
end_of_record
TN:
SF:src/models/contas.model.ts
FN:7,(anonymous_13)
FN:11,ContaModel
FN:15,(anonymous_15)
FN:21,(anonymous_18)
FN:30,(anonymous_21)
FN:51,(anonymous_24)
FN:60,(anonymous_27)
FNF:7
FNH:3
FNDA:1,(anonymous_13)
FNDA:1,ContaModel
FNDA:0,(anonymous_15)
FNDA:1,(anonymous_18)
FNDA:0,(anonymous_21)
FNDA:0,(anonymous_24)
FNDA:0,(anonymous_27)
DA:3,1
DA:4,1
DA:7,1
DA:12,1
DA:15,1
DA:16,0
DA:17,0
DA:18,0
DA:21,1
DA:22,1
DA:23,1
DA:24,0
DA:27,0
DA:30,1
DA:31,0
DA:33,0
DA:34,0
DA:37,0
DA:38,0
DA:42,0
DA:43,0
DA:45,0
DA:47,0
DA:48,0
DA:51,1
DA:52,0
DA:53,0
DA:54,0
DA:56,0
DA:57,0
DA:60,1
DA:61,0
DA:64,0
DA:65,0
DA:66,0
DA:69,0
DA:71,0
DA:72,0
DA:74,0
DA:77,1
LF:40
LH:12
BRDA:34,0,0,0
BRDA:38,1,0,0
BRDA:38,2,0,0
BRDA:38,2,1,0
BRDA:42,3,0,0
BRDA:42,3,1,0
BRDA:45,4,0,0
BRDA:69,5,0,0
BRF:8
BRH:0
end_of_record
TN:
SF:src/utils/jwt.ts
FN:16,(anonymous_14)
FN:18,(anonymous_15)
FN:18,(anonymous_16)
FNF:3
FNH:0
FNDA:0,(anonymous_14)
FNDA:0,(anonymous_15)
FNDA:0,(anonymous_16)
DA:1,1
DA:2,1
DA:7,1
DA:8,1
DA:11,1
DA:16,1
DA:18,1
DA:19,0
DA:20,0
DA:23,1
LF:10
LH:8
BRDA:19,0,0,0
BRF:1
BRH:0
end_of_record
